<?xml version="1.0" encoding="UTF-8"?>
<testsuite xmlns:xsi="http://www.w3.org/2001/XMLSchema-instance" xsi:noNamespaceSchemaLocation="https://maven.apache.org/surefire/maven-surefire-plugin/xsd/surefire-test-report.xsd" name="com.gssystems.datomic.AppTest" time="0.047" tests="1" errors="0" skipped="0" failures="0">
  <properties>
    <property name="sun.desktop" value="windows"/>
    <property name="awt.toolkit" value="sun.awt.windows.WToolkit"/>
    <property name="java.specification.version" value="11"/>
    <property name="sun.cpu.isalist" value="amd64"/>
    <property name="sun.jnu.encoding" value="Cp1252"/>
    <property name="java.class.path" value="C:\Venky\DatomicExperiments\DatomicExperiments\target\test-classes;C:\Venky\DatomicExperiments\DatomicExperiments\target\classes;C:\Users\VenkyJagannath\.m2\repository\junit\junit\4.11\junit-4.11.jar;C:\Users\VenkyJagannath\.m2\repository\org\hamcrest\hamcrest-core\1.3\hamcrest-core-1.3.jar;C:\Users\VenkyJagannath\.m2\repository\com\datomic\peer\1.0.6726\peer-1.0.6726.jar;C:\Users\VenkyJagannath\.m2\repository\org\clojure\clojure\1.8.0\clojure-1.8.0.jar;C:\Users\VenkyJagannath\.m2\repository\org\clojure\tools.cli\1.0.206\tools.cli-1.0.206.jar;C:\Users\VenkyJagannath\.m2\repository\org\fressian\fressian\0.6.8\fressian-0.6.8.jar;C:\Users\VenkyJagannath\.m2\repository\commons-codec\commons-codec\1.15\commons-codec-1.15.jar;C:\Users\VenkyJagannath\.m2\repository\org\slf4j\jul-to-slf4j\1.7.36\jul-to-slf4j-1.7.36.jar;C:\Users\VenkyJagannath\.m2\repository\org\slf4j\log4j-over-slf4j\1.7.36\log4j-over-slf4j-1.7.36.jar;C:\Users\VenkyJagannath\.m2\repository\org\slf4j\jcl-over-slf4j\1.7.36\jcl-over-slf4j-1.7.36.jar;C:\Users\VenkyJagannath\.m2\repository\org\apache\activemq\artemis-core-client\2.28.0\artemis-core-client-2.28.0.jar;C:\Users\VenkyJagannath\.m2\repository\org\apache\activemq\artemis-commons\2.28.0\artemis-commons-2.28.0.jar;C:\Users\VenkyJagannath\.m2\repository\commons-beanutils\commons-beanutils\1.9.4\commons-beanutils-1.9.4.jar;C:\Users\VenkyJagannath\.m2\repository\commons-collections\commons-collections\3.2.2\commons-collections-3.2.2.jar;C:\Users\VenkyJagannath\.m2\repository\io\netty\netty-transport-native-epoll\4.1.86.Final\netty-transport-native-epoll-4.1.86.Final-linux-x86_64.jar;C:\Users\VenkyJagannath\.m2\repository\io\netty\netty-transport-native-unix-common\4.1.86.Final\netty-transport-native-unix-common-4.1.86.Final.jar;C:\Users\VenkyJagannath\.m2\repository\io\netty\netty-transport-classes-epoll\4.1.86.Final\netty-transport-classes-epoll-4.1.86.Final.jar;C:\Users\VenkyJagannath\.m2\repository\io\netty\netty-transport-native-kqueue\4.1.86.Final\netty-transport-native-kqueue-4.1.86.Final-osx-x86_64.jar;C:\Users\VenkyJagannath\.m2\repository\io\netty\netty-transport-classes-kqueue\4.1.86.Final\netty-transport-classes-kqueue-4.1.86.Final.jar;C:\Users\VenkyJagannath\.m2\repository\io\netty\netty-codec-http\4.1.86.Final\netty-codec-http-4.1.86.Final.jar;C:\Users\VenkyJagannath\.m2\repository\io\netty\netty-buffer\4.1.86.Final\netty-buffer-4.1.86.Final.jar;C:\Users\VenkyJagannath\.m2\repository\io\netty\netty-transport\4.1.86.Final\netty-transport-4.1.86.Final.jar;C:\Users\VenkyJagannath\.m2\repository\io\netty\netty-resolver\4.1.86.Final\netty-resolver-4.1.86.Final.jar;C:\Users\VenkyJagannath\.m2\repository\io\netty\netty-handler\4.1.86.Final\netty-handler-4.1.86.Final.jar;C:\Users\VenkyJagannath\.m2\repository\io\netty\netty-handler-proxy\4.1.86.Final\netty-handler-proxy-4.1.86.Final.jar;C:\Users\VenkyJagannath\.m2\repository\io\netty\netty-codec\4.1.86.Final\netty-codec-4.1.86.Final.jar;C:\Users\VenkyJagannath\.m2\repository\io\netty\netty-codec-socks\4.1.86.Final\netty-codec-socks-4.1.86.Final.jar;C:\Users\VenkyJagannath\.m2\repository\io\netty\netty-common\4.1.86.Final\netty-common-4.1.86.Final.jar;C:\Users\VenkyJagannath\.m2\repository\com\datomic\query-support\0.8.28\query-support-0.8.28.jar;C:\Users\VenkyJagannath\.m2\repository\com\datomic\query-stats\1.0.12\query-stats-1.0.12.jar;C:\Users\VenkyJagannath\.m2\repository\com\h2database\h2\2.1.214\h2-2.1.214.jar;C:\Users\VenkyJagannath\.m2\repository\com\datomic\datomic-lucene-core\3.3.0\datomic-lucene-core-3.3.0.jar;C:\Users\VenkyJagannath\.m2\repository\com\github\ben-manes\caffeine\caffeine\3.1.5\caffeine-3.1.5.jar;C:\Users\VenkyJagannath\.m2\repository\org\checkerframework\checker-qual\3.32.0\checker-qual-3.32.0.jar;C:\Users\VenkyJagannath\.m2\repository\com\google\errorprone\error_prone_annotations\2.18.0\error_prone_annotations-2.18.0.jar;C:\Users\VenkyJagannath\.m2\repository\com\datomic\memcache-asg-java-client\1.1.0.35\memcache-asg-java-client-1.1.0.35.jar;C:\Users\VenkyJagannath\.m2\repository\com\amazonaws\aws-java-sdk-ec2\1.11.22\aws-java-sdk-ec2-1.11.22.jar;C:\Users\VenkyJagannath\.m2\repository\com\amazonaws\aws-java-sdk-core\1.11.22\aws-java-sdk-core-1.11.22.jar;C:\Users\VenkyJagannath\.m2\repository\commons-logging\commons-logging\1.1.3\commons-logging-1.1.3.jar;C:\Users\VenkyJagannath\.m2\repository\com\fasterxml\jackson\core\jackson-databind\2.6.6\jackson-databind-2.6.6.jar;C:\Users\VenkyJagannath\.m2\repository\com\fasterxml\jackson\core\jackson-annotations\2.6.0\jackson-annotations-2.6.0.jar;C:\Users\VenkyJagannath\.m2\repository\com\fasterxml\jackson\core\jackson-core\2.6.6\jackson-core-2.6.6.jar;C:\Users\VenkyJagannath\.m2\repository\com\fasterxml\jackson\dataformat\jackson-dataformat-cbor\2.6.6\jackson-dataformat-cbor-2.6.6.jar;C:\Users\VenkyJagannath\.m2\repository\joda-time\joda-time\2.8.1\joda-time-2.8.1.jar;C:\Users\VenkyJagannath\.m2\repository\org\apache\httpcomponents\httpclient\4.5.9\httpclient-4.5.9.jar;C:\Users\VenkyJagannath\.m2\repository\org\apache\httpcomponents\httpcore\4.4.11\httpcore-4.4.11.jar;C:\Users\VenkyJagannath\.m2\repository\org\apache\tomcat\tomcat-jdbc\7.0.109\tomcat-jdbc-7.0.109.jar;C:\Users\VenkyJagannath\.m2\repository\org\apache\tomcat\tomcat-juli\7.0.109\tomcat-juli-7.0.109.jar;C:\Users\VenkyJagannath\.m2\repository\org\codehaus\janino\commons-compiler-jdk\3.0.12\commons-compiler-jdk-3.0.12.jar;C:\Users\VenkyJagannath\.m2\repository\org\codehaus\janino\commons-compiler\3.0.12\commons-compiler-3.0.12.jar;C:\Users\VenkyJagannath\.m2\repository\org\slf4j\slf4j-api\2.0.9\slf4j-api-2.0.9.jar;C:\Users\VenkyJagannath\.m2\repository\org\slf4j\slf4j-simple\2.0.9\slf4j-simple-2.0.9.jar;"/>
    <property name="java.vm.vendor" value="Microsoft"/>
    <property name="sun.arch.data.model" value="64"/>
    <property name="user.variant" value=""/>
    <property name="java.vendor.url" value="https://www.microsoft.com"/>
    <property name="user.timezone" value="America/Chicago"/>
    <property name="java.vm.specification.version" value="11"/>
    <property name="os.name" value="Windows 11"/>
    <property name="sun.java.launcher" value="SUN_STANDARD"/>
    <property name="user.country" value="US"/>
    <property name="sun.boot.library.path" value="c:\Venky\jdk-11.0.15.10-hotspot\bin"/>
    <property name="sun.java.command" value="C:\Users\VENKYJ~1\AppData\Local\Temp\surefire3313494341919094876\surefirebooter16216028938749837151.jar C:\Users\VenkyJagannath\AppData\Local\Temp\surefire3313494341919094876 2023-10-27T20-39-12_498-jvmRun1 surefire2547800068315349790tmp surefire_012676865012428009119tmp"/>
    <property name="jdk.debug" value="release"/>
    <property name="surefire.test.class.path" value="C:\Venky\DatomicExperiments\DatomicExperiments\target\test-classes;C:\Venky\DatomicExperiments\DatomicExperiments\target\classes;C:\Users\VenkyJagannath\.m2\repository\junit\junit\4.11\junit-4.11.jar;C:\Users\VenkyJagannath\.m2\repository\org\hamcrest\hamcrest-core\1.3\hamcrest-core-1.3.jar;C:\Users\VenkyJagannath\.m2\repository\com\datomic\peer\1.0.6726\peer-1.0.6726.jar;C:\Users\VenkyJagannath\.m2\repository\org\clojure\clojure\1.8.0\clojure-1.8.0.jar;C:\Users\VenkyJagannath\.m2\repository\org\clojure\tools.cli\1.0.206\tools.cli-1.0.206.jar;C:\Users\VenkyJagannath\.m2\repository\org\fressian\fressian\0.6.8\fressian-0.6.8.jar;C:\Users\VenkyJagannath\.m2\repository\commons-codec\commons-codec\1.15\commons-codec-1.15.jar;C:\Users\VenkyJagannath\.m2\repository\org\slf4j\jul-to-slf4j\1.7.36\jul-to-slf4j-1.7.36.jar;C:\Users\VenkyJagannath\.m2\repository\org\slf4j\log4j-over-slf4j\1.7.36\log4j-over-slf4j-1.7.36.jar;C:\Users\VenkyJagannath\.m2\repository\org\slf4j\jcl-over-slf4j\1.7.36\jcl-over-slf4j-1.7.36.jar;C:\Users\VenkyJagannath\.m2\repository\org\apache\activemq\artemis-core-client\2.28.0\artemis-core-client-2.28.0.jar;C:\Users\VenkyJagannath\.m2\repository\org\apache\activemq\artemis-commons\2.28.0\artemis-commons-2.28.0.jar;C:\Users\VenkyJagannath\.m2\repository\commons-beanutils\commons-beanutils\1.9.4\commons-beanutils-1.9.4.jar;C:\Users\VenkyJagannath\.m2\repository\commons-collections\commons-collections\3.2.2\commons-collections-3.2.2.jar;C:\Users\VenkyJagannath\.m2\repository\io\netty\netty-transport-native-epoll\4.1.86.Final\netty-transport-native-epoll-4.1.86.Final-linux-x86_64.jar;C:\Users\VenkyJagannath\.m2\repository\io\netty\netty-transport-native-unix-common\4.1.86.Final\netty-transport-native-unix-common-4.1.86.Final.jar;C:\Users\VenkyJagannath\.m2\repository\io\netty\netty-transport-classes-epoll\4.1.86.Final\netty-transport-classes-epoll-4.1.86.Final.jar;C:\Users\VenkyJagannath\.m2\repository\io\netty\netty-transport-native-kqueue\4.1.86.Final\netty-transport-native-kqueue-4.1.86.Final-osx-x86_64.jar;C:\Users\VenkyJagannath\.m2\repository\io\netty\netty-transport-classes-kqueue\4.1.86.Final\netty-transport-classes-kqueue-4.1.86.Final.jar;C:\Users\VenkyJagannath\.m2\repository\io\netty\netty-codec-http\4.1.86.Final\netty-codec-http-4.1.86.Final.jar;C:\Users\VenkyJagannath\.m2\repository\io\netty\netty-buffer\4.1.86.Final\netty-buffer-4.1.86.Final.jar;C:\Users\VenkyJagannath\.m2\repository\io\netty\netty-transport\4.1.86.Final\netty-transport-4.1.86.Final.jar;C:\Users\VenkyJagannath\.m2\repository\io\netty\netty-resolver\4.1.86.Final\netty-resolver-4.1.86.Final.jar;C:\Users\VenkyJagannath\.m2\repository\io\netty\netty-handler\4.1.86.Final\netty-handler-4.1.86.Final.jar;C:\Users\VenkyJagannath\.m2\repository\io\netty\netty-handler-proxy\4.1.86.Final\netty-handler-proxy-4.1.86.Final.jar;C:\Users\VenkyJagannath\.m2\repository\io\netty\netty-codec\4.1.86.Final\netty-codec-4.1.86.Final.jar;C:\Users\VenkyJagannath\.m2\repository\io\netty\netty-codec-socks\4.1.86.Final\netty-codec-socks-4.1.86.Final.jar;C:\Users\VenkyJagannath\.m2\repository\io\netty\netty-common\4.1.86.Final\netty-common-4.1.86.Final.jar;C:\Users\VenkyJagannath\.m2\repository\com\datomic\query-support\0.8.28\query-support-0.8.28.jar;C:\Users\VenkyJagannath\.m2\repository\com\datomic\query-stats\1.0.12\query-stats-1.0.12.jar;C:\Users\VenkyJagannath\.m2\repository\com\h2database\h2\2.1.214\h2-2.1.214.jar;C:\Users\VenkyJagannath\.m2\repository\com\datomic\datomic-lucene-core\3.3.0\datomic-lucene-core-3.3.0.jar;C:\Users\VenkyJagannath\.m2\repository\com\github\ben-manes\caffeine\caffeine\3.1.5\caffeine-3.1.5.jar;C:\Users\VenkyJagannath\.m2\repository\org\checkerframework\checker-qual\3.32.0\checker-qual-3.32.0.jar;C:\Users\VenkyJagannath\.m2\repository\com\google\errorprone\error_prone_annotations\2.18.0\error_prone_annotations-2.18.0.jar;C:\Users\VenkyJagannath\.m2\repository\com\datomic\memcache-asg-java-client\1.1.0.35\memcache-asg-java-client-1.1.0.35.jar;C:\Users\VenkyJagannath\.m2\repository\com\amazonaws\aws-java-sdk-ec2\1.11.22\aws-java-sdk-ec2-1.11.22.jar;C:\Users\VenkyJagannath\.m2\repository\com\amazonaws\aws-java-sdk-core\1.11.22\aws-java-sdk-core-1.11.22.jar;C:\Users\VenkyJagannath\.m2\repository\commons-logging\commons-logging\1.1.3\commons-logging-1.1.3.jar;C:\Users\VenkyJagannath\.m2\repository\com\fasterxml\jackson\core\jackson-databind\2.6.6\jackson-databind-2.6.6.jar;C:\Users\VenkyJagannath\.m2\repository\com\fasterxml\jackson\core\jackson-annotations\2.6.0\jackson-annotations-2.6.0.jar;C:\Users\VenkyJagannath\.m2\repository\com\fasterxml\jackson\core\jackson-core\2.6.6\jackson-core-2.6.6.jar;C:\Users\VenkyJagannath\.m2\repository\com\fasterxml\jackson\dataformat\jackson-dataformat-cbor\2.6.6\jackson-dataformat-cbor-2.6.6.jar;C:\Users\VenkyJagannath\.m2\repository\joda-time\joda-time\2.8.1\joda-time-2.8.1.jar;C:\Users\VenkyJagannath\.m2\repository\org\apache\httpcomponents\httpclient\4.5.9\httpclient-4.5.9.jar;C:\Users\VenkyJagannath\.m2\repository\org\apache\httpcomponents\httpcore\4.4.11\httpcore-4.4.11.jar;C:\Users\VenkyJagannath\.m2\repository\org\apache\tomcat\tomcat-jdbc\7.0.109\tomcat-jdbc-7.0.109.jar;C:\Users\VenkyJagannath\.m2\repository\org\apache\tomcat\tomcat-juli\7.0.109\tomcat-juli-7.0.109.jar;C:\Users\VenkyJagannath\.m2\repository\org\codehaus\janino\commons-compiler-jdk\3.0.12\commons-compiler-jdk-3.0.12.jar;C:\Users\VenkyJagannath\.m2\repository\org\codehaus\janino\commons-compiler\3.0.12\commons-compiler-3.0.12.jar;C:\Users\VenkyJagannath\.m2\repository\org\slf4j\slf4j-api\2.0.9\slf4j-api-2.0.9.jar;C:\Users\VenkyJagannath\.m2\repository\org\slf4j\slf4j-simple\2.0.9\slf4j-simple-2.0.9.jar;"/>
    <property name="sun.cpu.endian" value="little"/>
    <property name="user.home" value="C:\Users\VenkyJagannath"/>
    <property name="user.language" value="en"/>
    <property name="java.specification.vendor" value="Oracle Corporation"/>
    <property name="java.version.date" value="2022-04-19"/>
    <property name="java.home" value="c:\Venky\jdk-11.0.15.10-hotspot"/>
    <property name="file.separator" value="\"/>
    <property name="basedir" value="C:\Venky\DatomicExperiments\DatomicExperiments"/>
    <property name="java.vm.compressedOopsMode" value="Zero based"/>
    <property name="line.separator" value="&#10;"/>
    <property name="java.specification.name" value="Java Platform API Specification"/>
    <property name="java.vm.specification.vendor" value="Oracle Corporation"/>
    <property name="java.awt.graphicsenv" value="sun.awt.Win32GraphicsEnvironment"/>
    <property name="surefire.real.class.path" value="C:\Users\VENKYJ~1\AppData\Local\Temp\surefire3313494341919094876\surefirebooter16216028938749837151.jar"/>
    <property name="user.script" value=""/>
    <property name="sun.management.compiler" value="HotSpot 64-Bit Tiered Compilers"/>
    <property name="java.runtime.version" value="11.0.15+10-LTS"/>
    <property name="user.name" value="VenkyJagannath"/>
    <property name="path.separator" value=";"/>
    <property name="os.version" value="10.0"/>
    <property name="java.runtime.name" value="OpenJDK Runtime Environment"/>
    <property name="file.encoding" value="Cp1252"/>
    <property name="java.vm.name" value="OpenJDK 64-Bit Server VM"/>
    <property name="java.vendor.version" value="Microsoft-32930"/>
    <property name="localRepository" value="C:\Users\VenkyJagannath\.m2\repository"/>
    <property name="java.vendor.url.bug" value="https://github.com/microsoft/openjdk/issues"/>
    <property name="java.io.tmpdir" value="C:\Users\VENKYJ~1\AppData\Local\Temp\"/>
    <property name="java.version" value="11.0.15"/>
    <property name="user.dir" value="C:\Venky\DatomicExperiments\DatomicExperiments"/>
    <property name="os.arch" value="amd64"/>
    <property name="java.vm.specification.name" value="Java Virtual Machine Specification"/>
    <property name="java.awt.printerjob" value="sun.awt.windows.WPrinterJob"/>
    <property name="sun.os.patch.level" value=""/>
    <property name="java.library.path" value="c:\Venky\jdk-11.0.15.10-hotspot\bin;C:\WINDOWS\Sun\Java\bin;C:\WINDOWS\system32;C:\WINDOWS;C:\Program Files (x86)\Microsoft SDKs\Azure\CLI2\wbin;C:\Venky\jdk-11.0.15.10-hotspot\bin;C:\venky\jdk-8.0.342.07-hotspot\bin;C:\Program Files\Common Files\Oracle\Java\javapath;C:\Windows\system32;C:\Windows;C:\Windows\System32\Wbem;C:\Windows\System32\WindowsPowerShell\v1.0\;C:\Windows\System32\OpenSSH\;C:\Program Files (x86)\NVIDIA Corporation\PhysX\Common;C:\Program Files\NVIDIA Corporation\NVIDIA NvDLISR;C:\WINDOWS\system32;C:\WINDOWS;C:\WINDOWS\System32\Wbem;C:\WINDOWS\System32\WindowsPowerShell\v1.0\;C:\WINDOWS\System32\OpenSSH\;C:\Program Files (x86)\QuickTime\QTSystem\;C:\Program Files (x86)\Microsoft SQL Server\150\DTS\Binn\;C:\Program Files\Azure Data Studio\bin;C:\Program Files\Microsoft SQL Server\Client SDK\ODBC\170\Tools\Binn\;C:\Program Files\Docker\Docker\resources\bin;C:\ProgramData\DockerDesktop\version-bin;C:\Program Files\Microsoft SQL Server\150\Tools\Binn\;C:\Venky\Azure Functions Core Tools\;C:\Program Files\dotnet\;%NVM_HOME%;%NVM_SYMLINK%;C:\Venky\nodejs\;C:\Users\VenkyJagannath\AppData\Local\Microsoft\WindowsApps;C:\Users\VenkyJagannath\AppData\Local\GitHubDesktop\bin;C:\Users\VenkyJagannath\AppData\Local\Programs\Git\cmd;C:\Users\VenkyJagannath\AppData\Local\Programs\Microsoft VS Code\bin;C:\Users\VenkyJagannath\.dotnet\tools;C:\Users\VenkyJagannath\AppData\Roaming\npm;c:\Venky\spark\bin;c:\Venky\apache-maven-3.8.4\bin;."/>
    <property name="java.vm.info" value="mixed mode"/>
    <property name="java.vendor" value="Microsoft"/>
    <property name="java.vm.version" value="11.0.15+10-LTS"/>
    <property name="sun.io.unicode.encoding" value="UnicodeLittle"/>
    <property name="java.class.version" value="55.0"/>
  </properties>
  <testcase name="shouldAnswerWithTrue" classname="com.gssystems.datomic.AppTest" time="0"/>
</testsuite>